Building DAG of jobs...
Using shell: /bin/bash
Provided cores: 2
Rules claiming more threads will be scaled down.
Job counts:
	count	jobs
	1	all
	8	bam_to_fastq
	8	bwa_map
	1	mutect2_GenomicsDB
	2	mutect2_normal
	1	sample_map
	4	samtools_index
	4	samtools_merge
	8	samtools_sort
	37
Select jobs to execute...

[Fri Dec 18 15:32:29 2020]
rule bam_to_fastq:
    input: /mnt/e/TMLflow-merged/data/single/Pat11_11_54964_I_TB_2.bam
    output: /mnt/e/TMLflow-merged/data/single/fastq/Pat11_11_54964_I_TB_2.fastq
    jobid: 8
    wildcards: file=Pat11_11_54964_I_TB_2


[Fri Dec 18 15:32:32 2020]
rule bam_to_fastq:
    input: /mnt/e/TMLflow-merged/data/single/Pat1_19_14281_2-2_N_1.bam
    output: /mnt/e/TMLflow-merged/data/single/fastq/Pat1_19_14281_2-2_N_1.fastq
    jobid: 29
    wildcards: file=Pat1_19_14281_2-2_N_1

[Fri Dec 18 15:49:07 2020]
Finished job 8.
1 of 37 steps (3%) done
Select jobs to execute...

[Fri Dec 18 15:49:07 2020]
rule bam_to_fastq:
    input: /mnt/e/TMLflow-merged/data/single/Pat1_19_8396_TB_1.bam
    output: /mnt/e/TMLflow-merged/data/single/fastq/Pat1_19_8396_TB_1.fastq
    jobid: 21
    wildcards: file=Pat1_19_8396_TB_1

[Fri Dec 18 16:15:48 2020]
Finished job 29.
2 of 37 steps (5%) done
Select jobs to execute...

[Fri Dec 18 16:15:48 2020]
rule bam_to_fastq:
    input: /mnt/e/TMLflow-merged/data/single/Pat1_19_14281_2-2_N_2.bam
    output: /mnt/e/TMLflow-merged/data/single/fastq/Pat1_19_14281_2-2_N_2.fastq
    jobid: 32
    wildcards: file=Pat1_19_14281_2-2_N_2

[Fri Dec 18 16:32:07 2020]
Finished job 21.
3 of 37 steps (8%) done
Select jobs to execute...

[Fri Dec 18 16:32:07 2020]
rule bwa_map:
    input: /mnt/e/TMLflow-merged/data/reference/hg38.fa, /mnt/e/TMLflow-merged/data/single/fastq/Pat1_19_14281_2-2_N_1.fastq
    output: /mnt/e/TMLflow-merged/data/single/mapped/Pat1_19_14281_2-2_N_1.bam
    jobid: 28
    wildcards: file=Pat1_19_14281_2-2_N_1

[Fri Dec 18 16:57:25 2020]
Finished job 28.
4 of 37 steps (11%) done
Select jobs to execute...

[Fri Dec 18 16:57:25 2020]
rule bam_to_fastq:
    input: /mnt/e/TMLflow-merged/data/single/Pat11_11_54964_IV_N_1.bam
    output: /mnt/e/TMLflow-merged/data/single/fastq/Pat11_11_54964_IV_N_1.fastq
    jobid: 13
    wildcards: file=Pat11_11_54964_IV_N_1

[Fri Dec 18 17:10:46 2020]
Finished job 32.
5 of 37 steps (14%) done
Select jobs to execute...

[Fri Dec 18 17:10:46 2020]
rule bam_to_fastq:
    input: /mnt/e/TMLflow-merged/data/single/Pat1_19_8396_TB_2.bam
    output: /mnt/e/TMLflow-merged/data/single/fastq/Pat1_19_8396_TB_2.fastq
    jobid: 24
    wildcards: file=Pat1_19_8396_TB_2

[Fri Dec 18 17:34:27 2020]
Finished job 13.
6 of 37 steps (16%) done
Select jobs to execute...

[Fri Dec 18 17:34:27 2020]
rule bwa_map:
    input: /mnt/e/TMLflow-merged/data/reference/hg38.fa, /mnt/e/TMLflow-merged/data/single/fastq/Pat1_19_8396_TB_1.fastq
    output: /mnt/e/TMLflow-merged/data/single/mapped/Pat1_19_8396_TB_1.bam
    jobid: 20
    wildcards: file=Pat1_19_8396_TB_1

[Fri Dec 18 17:51:38 2020]
Finished job 20.
7 of 37 steps (19%) done
Select jobs to execute...

[Fri Dec 18 17:51:38 2020]
rule samtools_sort:
    input: /mnt/e/TMLflow-merged/data/single/mapped/Pat1_19_8396_TB_1.bam
    output: /mnt/e/TMLflow-merged/data/single/sorted/Pat1_19_8396_TB_1.sorted.bam
    jobid: 19
    wildcards: file=Pat1_19_8396_TB_1

[Fri Dec 18 17:57:53 2020]
Finished job 24.
8 of 37 steps (22%) done
Select jobs to execute...

[Fri Dec 18 17:57:53 2020]
rule bwa_map:
    input: /mnt/e/TMLflow-merged/data/reference/hg38.fa, /mnt/e/TMLflow-merged/data/single/fastq/Pat11_11_54964_I_TB_2.fastq
    output: /mnt/e/TMLflow-merged/data/single/mapped/Pat11_11_54964_I_TB_2.bam
    jobid: 7
    wildcards: file=Pat11_11_54964_I_TB_2

[Fri Dec 18 18:01:31 2020]
Finished job 19.
9 of 37 steps (24%) done
[Fri Dec 18 18:05:11 2020]
Finished job 7.
10 of 37 steps (27%) done
Select jobs to execute...

[Fri Dec 18 18:05:12 2020]
rule bwa_map:
    input: /mnt/e/TMLflow-merged/data/reference/hg38.fa, /mnt/e/TMLflow-merged/data/single/fastq/Pat1_19_8396_TB_2.fastq
    output: /mnt/e/TMLflow-merged/data/single/mapped/Pat1_19_8396_TB_2.bam
    jobid: 23
    wildcards: file=Pat1_19_8396_TB_2


[Fri Dec 18 18:05:12 2020]
rule bwa_map:
    input: /mnt/e/TMLflow-merged/data/reference/hg38.fa, /mnt/e/TMLflow-merged/data/single/fastq/Pat11_11_54964_IV_N_1.fastq
    output: /mnt/e/TMLflow-merged/data/single/mapped/Pat11_11_54964_IV_N_1.bam
    jobid: 12
    wildcards: file=Pat11_11_54964_IV_N_1

[Fri Dec 18 18:21:32 2020]
Finished job 12.
11 of 37 steps (30%) done
Select jobs to execute...

[Fri Dec 18 18:21:32 2020]
rule samtools_sort:
    input: /mnt/e/TMLflow-merged/data/single/mapped/Pat11_11_54964_I_TB_2.bam
    output: /mnt/e/TMLflow-merged/data/single/sorted/Pat11_11_54964_I_TB_2.sorted.bam
    jobid: 6
    wildcards: file=Pat11_11_54964_I_TB_2

[Fri Dec 18 18:24:26 2020]
Finished job 6.
12 of 37 steps (32%) done
[Fri Dec 18 18:24:34 2020]
Finished job 23.
13 of 37 steps (35%) done
Select jobs to execute...

[Fri Dec 18 18:24:34 2020]
rule bam_to_fastq:
    input: /mnt/e/TMLflow-merged/data/single/Pat11_11_54964_IV_N_2.bam
    output: /mnt/e/TMLflow-merged/data/single/fastq/Pat11_11_54964_IV_N_2.fastq
    jobid: 16
    wildcards: file=Pat11_11_54964_IV_N_2


[Fri Dec 18 18:24:34 2020]
rule samtools_sort:
    input: /mnt/e/TMLflow-merged/data/single/mapped/Pat1_19_14281_2-2_N_1.bam
    output: /mnt/e/TMLflow-merged/data/single/sorted/Pat1_19_14281_2-2_N_1.sorted.bam
    jobid: 27
    wildcards: file=Pat1_19_14281_2-2_N_1

[Fri Dec 18 18:32:26 2020]
Finished job 27.
14 of 37 steps (38%) done
[Fri Dec 18 18:54:32 2020]
Finished job 16.
15 of 37 steps (41%) done
Select jobs to execute...

[Fri Dec 18 18:54:32 2020]
rule bwa_map:
    input: /mnt/e/TMLflow-merged/data/reference/hg38.fa, /mnt/e/TMLflow-merged/data/single/fastq/Pat1_19_14281_2-2_N_2.fastq
    output: /mnt/e/TMLflow-merged/data/single/mapped/Pat1_19_14281_2-2_N_2.bam
    jobid: 31
    wildcards: file=Pat1_19_14281_2-2_N_2


[Fri Dec 18 18:54:32 2020]
rule bam_to_fastq:
    input: /mnt/e/TMLflow-merged/data/single/Pat11_11_54964_I_TB_1.bam
    output: /mnt/e/TMLflow-merged/data/single/fastq/Pat11_11_54964_I_TB_1.fastq
    jobid: 5
    wildcards: file=Pat11_11_54964_I_TB_1

[Fri Dec 18 19:11:56 2020]
Finished job 31.
16 of 37 steps (43%) done
Select jobs to execute...

[Fri Dec 18 19:11:56 2020]
rule samtools_sort:
    input: /mnt/e/TMLflow-merged/data/single/mapped/Pat11_11_54964_IV_N_1.bam
    output: /mnt/e/TMLflow-merged/data/single/sorted/Pat11_11_54964_IV_N_1.sorted.bam
    jobid: 11
    wildcards: file=Pat11_11_54964_IV_N_1

[Fri Dec 18 19:18:22 2020]
Finished job 11.
17 of 37 steps (46%) done
[Fri Dec 18 19:25:13 2020]
Finished job 5.
18 of 37 steps (49%) done
Select jobs to execute...

[Fri Dec 18 19:25:13 2020]
rule samtools_sort:
    input: /mnt/e/TMLflow-merged/data/single/mapped/Pat1_19_14281_2-2_N_2.bam
    output: /mnt/e/TMLflow-merged/data/single/sorted/Pat1_19_14281_2-2_N_2.sorted.bam
    jobid: 30
    wildcards: file=Pat1_19_14281_2-2_N_2


[Fri Dec 18 19:25:13 2020]
rule bwa_map:
    input: /mnt/e/TMLflow-merged/data/reference/hg38.fa, /mnt/e/TMLflow-merged/data/single/fastq/Pat11_11_54964_I_TB_1.fastq
    output: /mnt/e/TMLflow-merged/data/single/mapped/Pat11_11_54964_I_TB_1.bam
    jobid: 4
    wildcards: file=Pat11_11_54964_I_TB_1

[Fri Dec 18 19:38:59 2020]
Finished job 30.
19 of 37 steps (51%) done
Select jobs to execute...

[Fri Dec 18 19:38:59 2020]
rule samtools_merge:
    input: /mnt/e/TMLflow-merged/data/single/sorted/Pat1_19_14281_2-2_N_1.sorted.bam, /mnt/e/TMLflow-merged/data/single/sorted/Pat1_19_14281_2-2_N_2.sorted.bam
    output: /mnt/e/TMLflow-merged/data/single/merged/Pat1_19_14281_2-2_N_merge.bam
    jobid: 26
    wildcards: sample=Pat1_19_14281_2-2_N

[Fri Dec 18 19:39:58 2020]
Finished job 4.
20 of 37 steps (54%) done
Select jobs to execute...

[Fri Dec 18 19:39:58 2020]
rule samtools_sort:
    input: /mnt/e/TMLflow-merged/data/single/mapped/Pat1_19_8396_TB_2.bam
    output: /mnt/e/TMLflow-merged/data/single/sorted/Pat1_19_8396_TB_2.sorted.bam
    jobid: 22
    wildcards: file=Pat1_19_8396_TB_2

[Fri Dec 18 19:48:18 2020]
Finished job 22.
21 of 37 steps (57%) done
Select jobs to execute...

[Fri Dec 18 19:48:18 2020]
rule samtools_sort:
    input: /mnt/e/TMLflow-merged/data/single/mapped/Pat11_11_54964_I_TB_1.bam
    output: /mnt/e/TMLflow-merged/data/single/sorted/Pat11_11_54964_I_TB_1.sorted.bam
    jobid: 3
    wildcards: file=Pat11_11_54964_I_TB_1

[Fri Dec 18 19:54:50 2020]
Finished job 3.
22 of 37 steps (59%) done
Select jobs to execute...

[Fri Dec 18 19:54:50 2020]
rule bwa_map:
    input: /mnt/e/TMLflow-merged/data/reference/hg38.fa, /mnt/e/TMLflow-merged/data/single/fastq/Pat11_11_54964_IV_N_2.fastq
    output: /mnt/e/TMLflow-merged/data/single/mapped/Pat11_11_54964_IV_N_2.bam
    jobid: 15
    wildcards: file=Pat11_11_54964_IV_N_2

[Fri Dec 18 19:56:00 2020]
Finished job 26.
23 of 37 steps (62%) done
Select jobs to execute...

[Fri Dec 18 19:56:00 2020]
rule samtools_index:
    input: /mnt/e/TMLflow-merged/data/single/merged/Pat1_19_14281_2-2_N_merge.bam
    output: /mnt/e/TMLflow-merged/data/single/merged/Pat1_19_14281_2-2_N_merge.bam.bai
    jobid: 25
    wildcards: sample=Pat1_19_14281_2-2_N

[Fri Dec 18 20:06:12 2020]
Finished job 25.
24 of 37 steps (65%) done
Select jobs to execute...

[Fri Dec 18 20:06:12 2020]
rule mutect2_normal:
    input: /mnt/e/TMLflow-merged/data/reference/hg38.fa, /mnt/e/TMLflow-merged/data/single/merged/Pat1_19_14281_2-2_N_merge.bam, /mnt/e/TMLflow-merged/data/single/merged/Pat1_19_14281_2-2_N_merge.bam.bai
    output: /mnt/e/TMLflow-merged/data/single/normals/Pat1_19_14281_2-2_N_mutect2.vcf.gz
    jobid: 34
    wildcards: normal=Pat1_19_14281_2-2_N

[Fri Dec 18 20:09:00 2020]
Finished job 15.
25 of 37 steps (68%) done
Select jobs to execute...

[Fri Dec 18 20:09:00 2020]
rule samtools_sort:
    input: /mnt/e/TMLflow-merged/data/single/mapped/Pat11_11_54964_IV_N_2.bam
    output: /mnt/e/TMLflow-merged/data/single/sorted/Pat11_11_54964_IV_N_2.sorted.bam
    jobid: 14
    wildcards: file=Pat11_11_54964_IV_N_2

[Fri Dec 18 20:14:08 2020]
Finished job 14.
26 of 37 steps (70%) done
Select jobs to execute...

[Fri Dec 18 20:14:08 2020]
rule samtools_merge:
    input: /mnt/e/TMLflow-merged/data/single/sorted/Pat11_11_54964_IV_N_1.sorted.bam, /mnt/e/TMLflow-merged/data/single/sorted/Pat11_11_54964_IV_N_2.sorted.bam
    output: /mnt/e/TMLflow-merged/data/single/merged/Pat11_11_54964_IV_N_merge.bam
    jobid: 10
    wildcards: sample=Pat11_11_54964_IV_N

[Fri Dec 18 20:23:15 2020]
Finished job 10.
27 of 37 steps (73%) done
Select jobs to execute...

[Fri Dec 18 20:23:15 2020]
rule samtools_index:
    input: /mnt/e/TMLflow-merged/data/single/merged/Pat11_11_54964_IV_N_merge.bam
    output: /mnt/e/TMLflow-merged/data/single/merged/Pat11_11_54964_IV_N_merge.bam.bai
    jobid: 9
    wildcards: sample=Pat11_11_54964_IV_N

[Fri Dec 18 20:25:02 2020]
Finished job 9.
28 of 37 steps (76%) done
Select jobs to execute...

[Fri Dec 18 20:25:02 2020]
rule mutect2_normal:
    input: /mnt/e/TMLflow-merged/data/reference/hg38.fa, /mnt/e/TMLflow-merged/data/single/merged/Pat11_11_54964_IV_N_merge.bam, /mnt/e/TMLflow-merged/data/single/merged/Pat11_11_54964_IV_N_merge.bam.bai
    output: /mnt/e/TMLflow-merged/data/single/normals/Pat11_11_54964_IV_N_mutect2.vcf.gz
    jobid: 33
    wildcards: normal=Pat11_11_54964_IV_N

[Fri Dec 18 20:46:55 2020]
Finished job 34.
29 of 37 steps (78%) done
[Fri Dec 18 20:59:22 2020]
Finished job 33.
30 of 37 steps (81%) done
Select jobs to execute...

[Fri Dec 18 20:59:22 2020]
rule samtools_merge:
    input: /mnt/e/TMLflow-merged/data/single/sorted/Pat11_11_54964_I_TB_1.sorted.bam, /mnt/e/TMLflow-merged/data/single/sorted/Pat11_11_54964_I_TB_2.sorted.bam
    output: /mnt/e/TMLflow-merged/data/single/merged/Pat11_11_54964_I_TB_merge.bam
    jobid: 2
    wildcards: sample=Pat11_11_54964_I_TB


[Fri Dec 18 20:59:22 2020]
rule samtools_merge:
    input: /mnt/e/TMLflow-merged/data/single/sorted/Pat1_19_8396_TB_1.sorted.bam, /mnt/e/TMLflow-merged/data/single/sorted/Pat1_19_8396_TB_2.sorted.bam
    output: /mnt/e/TMLflow-merged/data/single/merged/Pat1_19_8396_TB_merge.bam
    jobid: 18
    wildcards: sample=Pat1_19_8396_TB

[Fri Dec 18 21:06:18 2020]
Finished job 2.
31 of 37 steps (84%) done
Select jobs to execute...

[Fri Dec 18 21:06:18 2020]
rule samtools_index:
    input: /mnt/e/TMLflow-merged/data/single/merged/Pat11_11_54964_I_TB_merge.bam
    output: /mnt/e/TMLflow-merged/data/single/merged/Pat11_11_54964_I_TB_merge.bam.bai
    jobid: 1
    wildcards: sample=Pat11_11_54964_I_TB

[Fri Dec 18 21:09:58 2020]
Finished job 1.
32 of 37 steps (86%) done
[Fri Dec 18 21:12:39 2020]
Finished job 18.
33 of 37 steps (89%) done
Select jobs to execute...

[Fri Dec 18 21:12:39 2020]
rule samtools_index:
    input: /mnt/e/TMLflow-merged/data/single/merged/Pat1_19_8396_TB_merge.bam
    output: /mnt/e/TMLflow-merged/data/single/merged/Pat1_19_8396_TB_merge.bam.bai
    jobid: 17
    wildcards: sample=Pat1_19_8396_TB


[Fri Dec 18 21:12:39 2020]
rule sample_map:
    input: /mnt/e/TMLflow-merged/data/single/normals/Pat11_11_54964_IV_N_mutect2.vcf.gz, /mnt/e/TMLflow-merged/data/single/normals/Pat1_19_14281_2-2_N_mutect2.vcf.gz
    output: /mnt/e/TMLflow-merged/data/single/normals/sample-name-map.xls
    jobid: 35

[Fri Dec 18 21:12:40 2020]
Finished job 35.
34 of 37 steps (92%) done
Select jobs to execute...

[Fri Dec 18 21:12:40 2020]
rule mutect2_GenomicsDB:
    input: /mnt/e/TMLflow-merged/data/reference/hg38.fa, /mnt/e/TMLflow-merged/data/single/target_files/Targets_CNVkit_Mutect.bed, /mnt/e/TMLflow-merged/data/single/normals/sample-name-map.xls
    output: pon_db
    jobid: 36

[Fri Dec 18 21:17:16 2020]
Finished job 17.
35 of 37 steps (95%) done
[Fri Dec 18 21:54:40 2020]
Error in rule mutect2_GenomicsDB:
    jobid: 36
    output: pon_db
    shell:
        gatk GenomicsDBImport -R /mnt/e/TMLflow-merged/data/reference/hg38.fa -L /mnt/e/TMLflow-merged/data/single/target_files/Targets_CNVkit_Mutect.bed        --genomicsdb-workspace-path pon_db        --validate-sample-name-map TRUE       --sample-name-map /mnt/e/TMLflow-merged/data/single/normals/sample-name-map.xls
        (one of the commands exited with non-zero exit code; note that snakemake uses bash strict mode!)

Removing output files of failed job mutect2_GenomicsDB since they might be corrupted:
pon_db
Skipped removing non-empty directory pon_db
Shutting down, this might take some time.
Exiting because a job execution failed. Look above for error message
Complete log: /mnt/c/Users/ladmin/Documents/GitHub/TMLflow/.snakemake/log/2020-12-18T153228.862063.snakemake.log
