Building DAG of jobs...
Using shell: /bin/bash
Provided cores: 1 (use --cores to define parallelism)
Rules claiming more threads will be scaled down.
Job counts:
	count	jobs
	1	all
	1	bed_file_construction
	2
Select jobs to execute...

[Fri Dec 18 11:57:03 2020]
rule bed_file_construction:
    input: /mnt/e/Target_regions/TML/Oncomine_TML.20180605_hg38.designed.bed
    output: /mnt/e/TMLflow-merged/data/single/target_files/Targets_Vardict.bed, /mnt/e/TMLflow-merged/data/single/target_files/Targets_CNVkit_Mutect.bed, /mnt/e/TMLflow-merged/data/single/target_files/Targets_ONCOCNV.bed
    jobid: 1

[Fri Dec 18 11:57:03 2020]
Error in rule bed_file_construction:
    jobid: 1
    output: /mnt/e/TMLflow-merged/data/single/target_files/Targets_Vardict.bed, /mnt/e/TMLflow-merged/data/single/target_files/Targets_CNVkit_Mutect.bed, /mnt/e/TMLflow-merged/data/single/target_files/Targets_ONCOCNV.bed

RuleException:
CalledProcessError in line 96 of /mnt/c/Users/ladmin/Documents/GitHub/TMLflow/Snakefile:
Command 'set -euo pipefail;  Rscript --vanilla /mnt/c/Users/ladmin/Documents/GitHub/TMLflow/.snakemake/scripts/tmpt7_vj2_9.target_bed_formating.R' returned non-zero exit status 1.
  File "/home/ip8/miniconda3/envs/TMLflow/lib/python3.6/site-packages/snakemake/executors/__init__.py", line 2339, in run_wrapper
  File "/mnt/c/Users/ladmin/Documents/GitHub/TMLflow/Snakefile", line 96, in __rule_bed_file_construction
  File "/home/ip8/miniconda3/envs/TMLflow/lib/python3.6/site-packages/snakemake/executors/__init__.py", line 560, in _callback
  File "/home/ip8/miniconda3/envs/TMLflow/lib/python3.6/concurrent/futures/thread.py", line 56, in run
  File "/home/ip8/miniconda3/envs/TMLflow/lib/python3.6/site-packages/snakemake/executors/__init__.py", line 546, in cached_or_run
  File "/home/ip8/miniconda3/envs/TMLflow/lib/python3.6/site-packages/snakemake/executors/__init__.py", line 2351, in run_wrapper
Shutting down, this might take some time.
Exiting because a job execution failed. Look above for error message
Complete log: /mnt/c/Users/ladmin/Documents/GitHub/TMLflow/.snakemake/log/2020-12-18T115703.358963.snakemake.log
